#
# A fatal error has been detected by the Java Runtime Environment:
#
#  EXCEPTION_ACCESS_VIOLATION (0xc0000005) at pc=0x000000005095ff40, pid=11740, tid=0x00000000000047a8
#
# JRE version: OpenJDK Runtime Environment (8.0_212-b04) (build 1.8.0_212-release-1586-b04)
# Java VM: OpenJDK 64-Bit Server VM (25.212-b04 mixed mode windows-amd64 compressed oops)
# Problematic frame:
# V  [jvm.dll+0xfff40]
#
# Failed to write core dump. Minidumps are not enabled by default on client versions of Windows
#
# If you would like to submit a bug report, please visit:
#   
#

---------------  T H R E A D  ---------------

Current thread (0x000000001bde4000):  JavaThread "Daemon worker" [_thread_in_vm, id=18344, stack(0x000000001d4c0000,0x000000001d5c0000)]

siginfo: ExceptionCode=0xc0000005, reading address 0x0000000016e6f000

Registers:
RAX=0x0000000016e6f000, RBX=0x0000000000000001, RCX=0x000000000013fcf7, RDX=0x00000001003b27d0
RSP=0x000000001d5b7b68, RBP=0x000000001d5b7c70, RSI=0x000000001bde4000, RDI=0x00000001001f9150
R8 =0x0000000050e2b208, R9 =0x00000001001f9150, R10=0x000000002181f918, R11=0x000000000000004b
R12=0x000000001d5b7d50, R13=0x000000001bde4000, R14=0x000000001e8b86d0, R15=0x000000001d5b86b0
RIP=0x000000005095ff40, EFLAGS=0x0000000000010293

Top of Stack: (sp=0x000000001d5b7b68)
0x000000001d5b7b68:   00000000508fd483 00000001003b27d0
0x000000001d5b7b78:   00000000508fa4e7 000000001d5b7d40
0x000000001d5b7b88:   00000001003b27d0 000000001e8b86d0
0x000000001d5b7b98:   000000001a744880 00000001003b0948
0x000000001d5b7ba8:   0000000050e20990 000000001bde4000
0x000000001d5b7bb8:   74696e5567756265 000000002181f918
0x000000001d5b7bc8:   000000001bde4000 0000000000000001
0x000000001d5b7bd8:   000000001a744800 000000001d5b7ea0
0x000000001d5b7be8:   0000000000000000 00000000000003d8
0x000000001d5b7bf8:   00000000188a4bd0 00000000188a4fa8
0x000000001d5b7c08:   7562656457000000 67726f5800000000
0x000000001d5b7c18:   000000001e8b86d0 000000001d5b7ea0
0x000000001d5b7c28:   00000000000000b9 000000001a744880
0x000000001d5b7c38:   000000001bde4000 000000001d5b7ea0
0x000000001d5b7c48:   000000001e8b86d0 00000001003b27d0
0x000000001d5b7c58:   00000000508fa4e7 000000001d5b7ea0 

Instructions: (pc=0x000000005095ff40)
0x000000005095ff20:   4c 8b c9 48 3b ca 74 30 49 8b 41 20 33 c9 4c 63
0x000000005095ff30:   00 4d 85 c0 7e 1b 48 83 c0 08 66 0f 1f 44 00 00
0x000000005095ff40:   48 39 10 74 0f 48 ff c1 48 83 c0 08 49 3b c8 7c
0x000000005095ff50:   ef 32 c0 c3 49 89 51 18 b0 01 c3 cc cc cc cc cc 


Register to memory mapping:

RAX=0x0000000016e6f000 is an unknown value
RBX=0x0000000000000001 is an unknown value
RCX=0x000000000013fcf7 is an unknown value
RDX=0x00000001003b27d0 is pointing into metadata
RSP=0x000000001d5b7b68 is pointing into the stack for thread: 0x000000001bde4000
RBP=0x000000001d5b7c70 is pointing into the stack for thread: 0x000000001bde4000
RSI=0x000000001bde4000 is a thread
RDI=0x00000001001f9150 is pointing into metadata
R8 =0x0000000050e2b208 is an unknown value
R9 =0x00000001001f9150 is pointing into metadata
R10={method} {0x000000002181f920} 'getMutationGuard' '()Lorg/gradle/api/internal/MutationGuard;' in 'org/gradle/api/internal/collections/ElementSource'
R11=0x000000000000004b is an unknown value
R12=0x000000001d5b7d50 is pointing into the stack for thread: 0x000000001bde4000
R13=0x000000001bde4000 is a thread
R14=0x000000001e8b86d0 is an unknown value
R15=0x000000001d5b86b0 is pointing into the stack for thread: 0x000000001bde4000


Stack: [0x000000001d4c0000,0x000000001d5c0000],  sp=0x000000001d5b7b68,  free space=990k
Native frames: (J=compiled Java code, j=interpreted, Vv=VM code, C=native code)
V  [jvm.dll+0xfff40]

Java frames: (J=compiled Java code, j=interpreted, Vv=VM code)
v  ~RuntimeStub::ic_miss_stub
J 10784 C2 org.gradle.api.internal.DefaultDomainObjectSet_Decorated.getMutationGuard()Lorg/gradle/api/internal/MutationGuard; (37 bytes) @ 0x0000000004e20cec [0x0000000004e20ca0+0x4c]
J 6516 C1 org.gradle.api.internal.DefaultDomainObjectCollection.all(Lorg/gradle/api/Action;)V (119 bytes) @ 0x000000000337e15c [0x000000000337df80+0x1dc]
J 7856 C1 org.gradle.api.internal.CompositeDomainObjectSet.addCollection(Lorg/gradle/api/DomainObjectCollection;)V (49 bytes) @ 0x000000000450e2b4 [0x000000000450daa0+0x814]
J 7934 C1 org.gradle.api.internal.CompositeDomainObjectSet.create(Ljava/lang/Class;Lorg/gradle/api/internal/CollectionCallbackActionDecorator;[Lorg/gradle/api/DomainObjectCollection;)Lorg/gradle/api/internal/CompositeDomainObjectSet; (70 bytes) @ 0x000000000455a01c [0x0000000004559960+0x6bc]
J 7984 C1 org.gradle.api.internal.artifacts.configurations.DefaultConfiguration.initAllDependencies()V (105 bytes) @ 0x0000000004587c8c [0x00000000045878c0+0x3cc]
J 7787 C1 org.gradle.api.internal.artifacts.configurations.DefaultConfiguration_Decorated.getAllDependencies()Lorg/gradle/api/artifacts/DependencySet; (37 bytes) @ 0x00000000044ebf0c [0x00000000044ebdc0+0x14c]
J 7984 C1 org.gradle.api.internal.artifacts.configurations.DefaultConfiguration.initAllDependencies()V (105 bytes) @ 0x0000000004587fd4 [0x00000000045878c0+0x714]
J 7787 C1 org.gradle.api.internal.artifacts.configurations.DefaultConfiguration_Decorated.getAllDependencies()Lorg/gradle/api/artifacts/DependencySet; (37 bytes) @ 0x00000000044ebf0c [0x00000000044ebdc0+0x14c]
J 7984 C1 org.gradle.api.internal.artifacts.configurations.DefaultConfiguration.initAllDependencies()V (105 bytes) @ 0x0000000004587fd4 [0x00000000045878c0+0x714]
J 7787 C1 org.gradle.api.internal.artifacts.configurations.DefaultConfiguration_Decorated.getAllDependencies()Lorg/gradle/api/artifacts/DependencySet; (37 bytes) @ 0x00000000044ebf0c [0x00000000044ebdc0+0x14c]
j  org.gradle.api.internal.artifacts.ivyservice.ShortCircuitEmptyConfigurationResolver.resolveGraph(Lorg/gradle/api/internal/artifacts/configurations/ConfigurationInternal;Lorg/gradle/api/internal/artifacts/ResolverResults;)V+1
j  org.gradle.api.internal.artifacts.ivyservice.ErrorHandlingConfigurationResolver.resolveGraph(Lorg/gradle/api/internal/artifacts/configurations/ConfigurationInternal;Lorg/gradle/api/internal/artifacts/ResolverResults;)V+6
j  org.gradle.api.internal.artifacts.configurations.DefaultConfiguration$7.run(Lorg/gradle/internal/operations/BuildOperationContext;)V+66
J 9191 C2 org.gradle.internal.operations.DefaultBuildOperationExecutor$1.execute(Lorg/gradle/internal/operations/BuildOperationDescriptor;Lorg/gradle/internal/operations/DefaultBuildOperationExecutor$DefaultBuildOperationContext;Lorg/gradle/internal/operations/DefaultBuildOperationExecutor$BuildOperationExecutionListener;)Lorg/gradle/internal/operations/BuildOperation; (82 bytes) @ 0x0000000004a54f84 [0x0000000004a534c0+0x1ac4]
J 6980 C2 org.gradle.internal.operations.DefaultBuildOperationExecutor.run(Lorg/gradle/internal/operations/RunnableBuildOperation;)V (28 bytes) @ 0x0000000003d03d74 [0x0000000003d03280+0xaf4]
J 6616 C1 org.gradle.internal.operations.DelegatingBuildOperationExecutor.run(Lorg/gradle/internal/operations/RunnableBuildOperation;)V (11 bytes) @ 0x00000000042b8604 [0x00000000042b8500+0x104]
j  org.gradle.api.internal.artifacts.configurations.DefaultConfiguration.resolveGraphIfRequired(Lorg/gradle/api/internal/artifacts/configurations/ConfigurationInternal$InternalState;)V+65
j  org.gradle.api.internal.artifacts.configurations.DefaultConfiguration.access$600(Lorg/gradle/api/internal/artifacts/configurations/DefaultConfiguration;Lorg/gradle/api/internal/artifacts/configurations/ConfigurationInternal$InternalState;)V+2
j  org.gradle.api.internal.artifacts.configurations.DefaultConfiguration$6.run()V+28
J 12109 C1 org.gradle.api.internal.project.DefaultProjectStateRegistry$SafeExclusiveLockImpl.withLock(Ljava/lang/Runnable;)V (86 bytes) @ 0x000000000500f904 [0x000000000500f640+0x2c4]
j  org.gradle.api.internal.artifacts.configurations.DefaultConfiguration.resolveExclusively(Lorg/gradle/api/internal/artifacts/configurations/ConfigurationInternal$InternalState;)V+13
j  org.gradle.api.internal.artifacts.configurations.DefaultConfiguration.resolveToStateOrLater(Lorg/gradle/api/internal/artifacts/configurations/ConfigurationInternal$InternalState;)V+87
j  org.gradle.api.internal.artifacts.configurations.DefaultConfiguration.access$2300(Lorg/gradle/api/internal/artifacts/configurations/DefaultConfiguration;Lorg/gradle/api/internal/artifacts/configurations/ConfigurationInternal$InternalState;)V+2
j  org.gradle.api.internal.artifacts.configurations.DefaultConfiguration$ConfigurationFileCollection.getSelectedArtifacts()Lorg/gradle/api/internal/artifacts/ivyservice/resolveengine/artifact/SelectedArtifactSet;+14
j  org.gradle.api.internal.artifacts.configurations.DefaultConfiguration$ConfigurationFileCollection.access$3600(Lorg/gradle/api/internal/artifacts/configurations/DefaultConfiguration$ConfigurationFileCollection;)Lorg/gradle/api/internal/artifacts/ivyservice/resolveengine/artifact/SelectedArtifactSet;+1
j  org.gradle.api.internal.artifacts.configurations.DefaultConfiguration$ConfigurationArtifactCollection.ensureResolved()V+20
j  org.gradle.api.internal.artifacts.configurations.DefaultConfiguration$ConfigurationArtifactCollection.getFailures()Ljava/util/Collection;+1
j  com.android.build.gradle.internal.ide.dependencies.ArtifactUtils.getAllArtifacts(Lcom/android/build/gradle/internal/scope/VariantScope;Lcom/android/build/gradle/internal/publishing/AndroidArtifacts$ConsumedConfigType;Lcom/android/build/gradle/internal/ide/DependencyFailureHandler;Lcom/google/common/collect/ImmutableMap;)Ljava/util/Set;+155
j  com.android.build.gradle.internal.ide.dependencies.ArtifactDependencyGraph.createDependencies(Lcom/android/build/gradle/internal/scope/VariantScope;Lcom/google/common/collect/ImmutableMap;Lcom/android/build/gradle/internal/errors/SyncIssueHandler;)Lcom/android/build/gradle/internal/ide/DependenciesImpl;+119
j  com.android.build.gradle.internal.ide.ModelBuilder.getDependencies(Lcom/android/build/gradle/internal/scope/VariantScope;Lcom/google/common/collect/ImmutableMap;Lcom/android/build/gradle/internal/ExtraModelInfo;IZ)Lcom/android/utils/Pair;+82
j  com.android.build.gradle.internal.ide.ModelBuilder.createUnitTestsJavaArtifact(Lcom/android/builder/core/VariantType;Lcom/android/build/gradle/internal/variant/BaseVariantData;)Lcom/android/build/gradle/internal/ide/JavaArtifactImpl;+29
j  com.android.build.gradle.internal.ide.ModelBuilder.createVariant(Lcom/android/build/gradle/internal/variant/BaseVariantData;)Lcom/android/build/gradle/internal/ide/VariantImpl;+303
j  com.android.build.gradle.internal.ide.ModelBuilder.buildVariant(Lorg/gradle/api/Project;Ljava/lang/String;Z)Lcom/android/build/gradle/internal/ide/VariantImpl;+90
j  com.android.build.gradle.internal.ide.ModelBuilder.buildAll(Ljava/lang/String;Lcom/android/builder/model/ModelBuilderParameter;Lorg/gradle/api/Project;)Ljava/lang/Object;+64
j  com.android.build.gradle.internal.ide.ModelBuilder.buildAll(Ljava/lang/String;Ljava/lang/Object;Lorg/gradle/api/Project;)Ljava/lang/Object;+7
j  org.gradle.tooling.provider.model.internal.DefaultToolingModelBuilderRegistry$ParameterizedBuildOperationWrappingToolingModelBuilder$1$1.create()Ljava/lang/Object;+31
J 11605 C1 org.gradle.api.internal.project.DefaultProjectStateRegistry.withLenientState(Lorg/gradle/internal/Factory;)Ljava/lang/Object; (48 bytes) @ 0x0000000004e969d4 [0x0000000004e962e0+0x6f4]
j  org.gradle.tooling.provider.model.internal.DefaultToolingModelBuilderRegistry$ParameterizedBuildOperationWrappingToolingModelBuilder$1.call(Lorg/gradle/internal/operations/BuildOperationContext;)Ljava/lang/Object;+18
J 9186 C2 org.gradle.internal.operations.DefaultBuildOperationExecutor.execute(Lorg/gradle/internal/operations/BuildOperationDescriptor$Builder;Lorg/gradle/internal/operations/DefaultBuildOperationExecutor$BuildOperationState;Lorg/gradle/internal/operations/DefaultBuildOperationExecutor$BuildOperationExecution;)Lorg/gradle/internal/operations/BuildOperation; (111 bytes) @ 0x0000000004a71be0 [0x0000000004a6f240+0x29a0]
J 5631 C1 org.gradle.internal.operations.DefaultBuildOperationExecutor.call(Lorg/gradle/internal/operations/CallableBuildOperation;)Ljava/lang/Object; (38 bytes) @ 0x00000000040dc96c [0x00000000040dc260+0x70c]
J 5630 C1 org.gradle.internal.operations.DelegatingBuildOperationExecutor.call(Lorg/gradle/internal/operations/CallableBuildOperation;)Ljava/lang/Object; (11 bytes) @ 0x00000000040dd544 [0x00000000040dd440+0x104]
j  org.gradle.tooling.provider.model.internal.DefaultToolingModelBuilderRegistry$ParameterizedBuildOperationWrappingToolingModelBuilder.buildAll(Ljava/lang/String;Ljava/lang/Object;Lorg/gradle/api/Project;)Ljava/lang/Object;+18
j  org.gradle.tooling.internal.provider.runner.DefaultBuildController.getParameterizedModel(Lorg/gradle/api/internal/project/ProjectInternal;Ljava/lang/String;Lorg/gradle/tooling/provider/model/ParameterizedToolingModelBuilder;Ljava/lang/Object;)Ljava/lang/Object;+38
j  org.gradle.tooling.internal.provider.runner.DefaultBuildController.getModel(Ljava/lang/Object;Lorg/gradle/tooling/internal/protocol/ModelIdentifier;Ljava/lang/Object;)Lorg/gradle/tooling/internal/protocol/BuildResult;+120
J 11432 C1 org.gradle.tooling.internal.consumer.connection.BuildControllerAdapter.getModel(Lorg/gradle/tooling/model/Model;Ljava/lang/Class;Ljava/lang/Class;Lorg/gradle/api/Action;)Ljava/lang/Object; (116 bytes) @ 0x0000000003d1215c [0x0000000003d11e80+0x2dc]
j  org.gradle.tooling.internal.consumer.connection.AbstractBuildController.findModel(Lorg/gradle/tooling/model/Model;Ljava/lang/Class;Ljava/lang/Class;Lorg/gradle/api/Action;)Ljava/lang/Object;+6
j  org.jetbrains.plugins.gradle.model.ProjectImportAction$MyBuildController.findModel(Lorg/gradle/tooling/model/Model;Ljava/lang/Class;Ljava/lang/Class;Lorg/gradle/api/Action;)Ljava/lang/Object;+26
j  com.android.tools.idea.gradle.project.sync.idea.svs.SelectedVariantChooserKt.syncAndAddVariant(Lorg/gradle/tooling/BuildController;Lcom/android/tools/idea/gradle/project/sync/idea/svs/AndroidModule;Ljava/lang/String;Z)Lcom/android/builder/model/Variant;+25
j  com.android.tools.idea.gradle.project.sync.idea.svs.SelectedVariantChooserKt.selectVariantForAppOrLeaf(Lorg/gradle/tooling/BuildController;Lcom/android/tools/idea/gradle/project/sync/idea/svs/AndroidModule;Lcom/android/tools/idea/gradle/project/sync/SelectedVariants;Ljava/lang/String;Z)Lcom/android/builder/model/Variant;+115
j  com.android.tools.idea.gradle.project.sync.idea.svs.SelectedVariantChooserKt.chooseSelectedVariants(Lorg/gradle/tooling/BuildController;Ljava/util/List;Lcom/android/tools/idea/gradle/project/sync/SyncActionOptions;)V+401
j  com.android.tools.idea.gradle.project.sync.idea.svs.AndroidExtraModelProvider.populateAndroidModels(Lorg/gradle/tooling/BuildController;Lorg/gradle/tooling/model/gradle/GradleBuild;Lorg/jetbrains/plugins/gradle/model/ProjectImportModelProvider$BuildModelConsumer;)V+218
j  com.android.tools.idea.gradle.project.sync.idea.svs.AndroidExtraModelProvider.populateBuildModels(Lorg/gradle/tooling/BuildController;Lorg/gradle/tooling/model/gradle/GradleBuild;Lorg/jetbrains/plugins/gradle/model/ProjectImportModelProvider$BuildModelConsumer;)V+4
j  org.jetbrains.plugins.gradle.model.ProjectImportAction.addBuildModels(Lorg/gradle/tooling/BuildController;Lorg/jetbrains/plugins/gradle/model/ProjectImportAction$AllModels;Lorg/gradle/tooling/model/gradle/GradleBuild;Z)V+72
j  org.jetbrains.plugins.gradle.model.ProjectImportAction.execute(Lorg/gradle/tooling/BuildController;)Lorg/jetbrains/plugins/gradle/model/ProjectImportAction$AllModels;+336
j  org.jetbrains.plugins.gradle.model.ProjectImportAction.execute(Lorg/gradle/tooling/BuildController;)Ljava/lang/Object;+2
j  org.gradle.tooling.internal.consumer.connection.InternalBuildActionAdapter.execute(Lorg/gradle/tooling/internal/protocol/InternalBuildControllerVersion2;)Ljava/lang/Object;+49
j  org.gradle.tooling.internal.provider.runner.ClientProvidedPhasedActionRunner$ActionRunningListener.runAction(Lorg/gradle/tooling/internal/protocol/InternalBuildActionVersion2;Lorg/gradle/api/internal/GradleInternal;)Lorg/gradle/tooling/internal/provider/serialization/SerializedPayload;+11
j  org.gradle.tooling.internal.provider.runner.ClientProvidedPhasedActionRunner$ActionRunningListener.run(Lorg/gradle/tooling/internal/protocol/InternalBuildActionVersion2;Lorg/gradle/tooling/internal/protocol/PhasedActionResult$Phase;)V+10
j  org.gradle.tooling.internal.provider.runner.ClientProvidedPhasedActionRunner$ActionRunningListener.buildFinished(Lorg/gradle/BuildResult;)V+20
v  ~StubRoutines::call_stub
J 1610  sun.reflect.NativeMethodAccessorImpl.invoke0(Ljava/lang/reflect/Method;Ljava/lang/Object;[Ljava/lang/Object;)Ljava/lang/Object; (0 bytes) @ 0x00000000034047bf [0x0000000003404740+0x7f]
J 1609 C1 sun.reflect.NativeMethodAccessorImpl.invoke(Ljava/lang/Object;[Ljava/lang/Object;)Ljava/lang/Object; (104 bytes) @ 0x000000000340aee4 [0x0000000003409d40+0x11a4]
J 6484 C2 java.lang.reflect.Method.invoke(Ljava/lang/Object;[Ljava/lang/Object;)Ljava/lang/Object; (62 bytes) @ 0x0000000003732074 [0x0000000003731fc0+0xb4]
J 2688 C1 org.gradle.internal.dispatch.ReflectionDispatch.dispatch(Lorg/gradle/internal/dispatch/MethodInvocation;)V (42 bytes) @ 0x000000000376fe44 [0x000000000376faa0+0x3a4]
J 2687 C1 org.gradle.internal.dispatch.ReflectionDispatch.dispatch(Ljava/lang/Object;)V (9 bytes) @ 0x000000000376f6ec [0x000000000376f580+0x16c]
j  org.gradle.internal.event.DefaultListenerManager$ListenerDetails.dispatch(Lorg/gradle/internal/dispatch/MethodInvocation;)V+15
j  org.gradle.internal.event.DefaultListenerManager$ListenerDetails.dispatch(Ljava/lang/Object;)V+5
J 4095 C1 org.gradle.internal.event.AbstractBroadcastDispatch.dispatch(Lorg/gradle/internal/dispatch/MethodInvocation;Ljava/util/Iterator;)V (191 bytes) @ 0x0000000003b8ebe4 [0x0000000003b8e820+0x3c4]
J 7154 C1 org.gradle.internal.event.DefaultListenerManager$EventBroadcast$ListenerDispatch.dispatch(Lorg/gradle/internal/dispatch/MethodInvocation;)V (55 bytes) @ 0x0000000003e496ec [0x0000000003e49300+0x3ec]
J 7265 C1 org.gradle.internal.event.DefaultListenerManager$EventBroadcast$ListenerDispatch.dispatch(Ljava/lang/Object;)V (9 bytes) @ 0x0000000003645d6c [0x0000000003645c00+0x16c]
J 2695 C1 org.gradle.internal.event.AbstractBroadcastDispatch.dispatch(Lorg/gradle/internal/dispatch/MethodInvocation;Lorg/gradle/internal/dispatch/Dispatch;)V (53 bytes) @ 0x00000000037730fc [0x0000000003772fe0+0x11c]
J 1272 C1 org.gradle.internal.event.BroadcastDispatch$SingletonDispatch.dispatch(Ljava/lang/Object;)V (9 bytes) @ 0x000000000331b3f4 [0x000000000331b1c0+0x234]
J 4095 C1 org.gradle.internal.event.AbstractBroadcastDispatch.dispatch(Lorg/gradle/internal/dispatch/MethodInvocation;Ljava/util/Iterator;)V (191 bytes) @ 0x0000000003b8ebe4 [0x0000000003b8e820+0x3c4]
j  org.gradle.internal.event.BroadcastDispatch$CompositeDispatch.dispatch(Lorg/gradle/internal/dispatch/MethodInvocation;)V+11
j  org.gradle.internal.event.BroadcastDispatch$CompositeDispatch.dispatch(Ljava/lang/Object;)V+5
j  org.gradle.internal.event.ListenerBroadcast.dispatch(Lorg/gradle/internal/dispatch/MethodInvocation;)V+5
j  org.gradle.internal.event.ListenerBroadcast.dispatch(Ljava/lang/Object;)V+5
J 6008 C1 org.gradle.internal.dispatch.ProxyDispatchAdapter$DispatchingInvocationHandler.invoke(Ljava/lang/Object;Ljava/lang/reflect/Method;[Ljava/lang/Object;)Ljava/lang/Object; (184 bytes) @ 0x00000000030283b4 [0x0000000003027000+0x13b4]
j  com.sun.proxy.$Proxy14.buildFinished(Lorg/gradle/BuildResult;)V+16
j  org.gradle.initialization.DefaultGradleLauncher.finishBuild(Ljava/lang/String;Ljava/lang/Throwable;)V+71
j  org.gradle.initialization.DefaultGradleLauncher.finishBuild()V+16
j  org.gradle.internal.invocation.GradleBuildController$3.create()Lorg/gradle/api/internal/GradleInternal;+37
j  org.gradle.internal.invocation.GradleBuildController$3.create()Ljava/lang/Object;+1
j  org.gradle.internal.work.DefaultWorkerLeaseService.withLocks(Ljava/lang/Iterable;Lorg/gradle/internal/Factory;)Ljava/lang/Object;+26
j  org.gradle.internal.work.StopShieldingWorkerLeaseService.withLocks(Ljava/lang/Iterable;Lorg/gradle/internal/Factory;)Ljava/lang/Object;+6
j  org.gradle.internal.invocation.GradleBuildController.doBuild(Lorg/gradle/api/internal/GradleInternal$BuildType;Lorg/gradle/api/Action;)Lorg/gradle/api/internal/GradleInternal;+26
j  org.gradle.internal.invocation.GradleBuildController.configure()Lorg/gradle/api/internal/GradleInternal;+12
j  org.gradle.tooling.internal.provider.runner.ClientProvidedPhasedActionRunner.run(Lorg/gradle/internal/invocation/BuildAction;Lorg/gradle/internal/invocation/BuildController;)Lorg/gradle/internal/invocation/BuildActionRunner$Result;+102
j  org.gradle.launcher.exec.ChainingBuildActionRunner.run(Lorg/gradle/internal/invocation/BuildAction;Lorg/gradle/internal/invocation/BuildController;)Lorg/gradle/internal/invocation/BuildActionRunner$Result;+34
j  org.gradle.launcher.exec.ChainingBuildActionRunner.run(Lorg/gradle/internal/invocation/BuildAction;Lorg/gradle/internal/invocation/BuildController;)Lorg/gradle/internal/invocation/BuildActionRunner$Result;+34
j  org.gradle.launcher.exec.BuildOutcomeReportingBuildActionRunner.run(Lorg/gradle/internal/invocation/BuildAction;Lorg/gradle/internal/invocation/BuildController;)Lorg/gradle/internal/invocation/BuildActionRunner$Result;+143
j  org.gradle.tooling.internal.provider.ValidatingBuildActionRunner.run(Lorg/gradle/internal/invocation/BuildAction;Lorg/gradle/internal/invocation/BuildController;)Lorg/gradle/internal/invocation/BuildActionRunner$Result;+6
j  org.gradle.launcher.exec.BuildCompletionNotifyingBuildActionRunner.run(Lorg/gradle/internal/invocation/BuildAction;Lorg/gradle/internal/invocation/BuildController;)Lorg/gradle/internal/invocation/BuildActionRunner$Result;+28
j  org.gradle.launcher.exec.RunAsBuildOperationBuildActionRunner$3.call(Lorg/gradle/internal/operations/BuildOperationContext;)Lorg/gradle/internal/invocation/BuildActionRunner$Result;+95
j  org.gradle.launcher.exec.RunAsBuildOperationBuildActionRunner$3.call(Lorg/gradle/internal/operations/BuildOperationContext;)Ljava/lang/Object;+2
j  org.gradle.internal.operations.DefaultBuildOperationExecutor$CallableBuildOperationWorker.execute(Lorg/gradle/internal/operations/CallableBuildOperation;Lorg/gradle/internal/operations/BuildOperationContext;)V+3
j  org.gradle.internal.operations.DefaultBuildOperationExecutor$CallableBuildOperationWorker.execute(Lorg/gradle/internal/operations/BuildOperation;Lorg/gradle/internal/operations/BuildOperationContext;)V+6
j  org.gradle.internal.operations.DefaultBuildOperationExecutor$1.execute(Lorg/gradle/internal/operations/BuildOperationDescriptor;Lorg/gradle/internal/operations/DefaultBuildOperationExecutor$DefaultBuildOperationContext;Lorg/gradle/internal/operations/DefaultBuildOperationExecutor$BuildOperationExecutionListener;)Lorg/gradle/internal/operations/BuildOperation;+18
j  org.gradle.internal.operations.DefaultBuildOperationExecutor.execute(Lorg/gradle/internal/operations/BuildOperationDescriptor$Builder;Lorg/gradle/internal/operations/DefaultBuildOperationExecutor$BuildOperationState;Lorg/gradle/internal/operations/DefaultBuildOperationExecutor$BuildOperationExecution;)Lorg/gradle/internal/operations/BuildOperation;+105
j  org.gradle.internal.operations.DefaultBuildOperationExecutor.execute(Lorg/gradle/internal/operations/BuildOperation;Lorg/gradle/internal/operations/BuildOperationWorker;Lorg/gradle/internal/operations/DefaultBuildOperationExecutor$BuildOperationState;)V+22
j  org.gradle.internal.operations.DefaultBuildOperationExecutor.call(Lorg/gradle/internal/operations/CallableBuildOperation;)Ljava/lang/Object;+16
j  org.gradle.internal.operations.DelegatingBuildOperationExecutor.call(Lorg/gradle/internal/operations/CallableBuildOperation;)Ljava/lang/Object;+5
j  org.gradle.launcher.exec.RunAsBuildOperationBuildActionRunner.run(Lorg/gradle/internal/invocation/BuildAction;Lorg/gradle/internal/invocation/BuildController;)Lorg/gradle/internal/invocation/BuildActionRunner$Result;+33
j  org.gradle.launcher.exec.InProcessBuildActionExecuter$1.transform(Lorg/gradle/internal/invocation/BuildController;)Lorg/gradle/launcher/exec/BuildActionResult;+12
j  org.gradle.launcher.exec.InProcessBuildActionExecuter$1.transform(Ljava/lang/Object;)Ljava/lang/Object;+5
j  org.gradle.composite.internal.DefaultRootBuildState.run(Lorg/gradle/api/Transformer;)Ljava/lang/Object;+35
j  org.gradle.launcher.exec.InProcessBuildActionExecuter.execute(Lorg/gradle/internal/invocation/BuildAction;Lorg/gradle/initialization/BuildRequestContext;Lorg/gradle/launcher/exec/BuildActionParameters;Lorg/gradle/internal/service/ServiceRegistry;)Lorg/gradle/launcher/exec/BuildActionResult;+82
j  org.gradle.launcher.exec.InProcessBuildActionExecuter.execute(Lorg/gradle/internal/invocation/BuildAction;Lorg/gradle/initialization/BuildRequestContext;Ljava/lang/Object;Lorg/gradle/internal/service/ServiceRegistry;)Lorg/gradle/launcher/exec/BuildActionResult;+9
j  org.gradle.launcher.exec.BuildTreeScopeBuildActionExecuter.execute(Lorg/gradle/internal/invocation/BuildAction;Lorg/gradle/initialization/BuildRequestContext;Lorg/gradle/launcher/exec/BuildActionParameters;Lorg/gradle/internal/service/ServiceRegistry;)Lorg/gradle/launcher/exec/BuildActionResult;+38
j  org.gradle.launcher.exec.BuildTreeScopeBuildActionExecuter.execute(Lorg/gradle/internal/invocation/BuildAction;Lorg/gradle/initialization/BuildRequestContext;Ljava/lang/Object;Lorg/gradle/internal/service/ServiceRegistry;)Lorg/gradle/launcher/exec/BuildActionResult;+9
j  org.gradle.tooling.internal.provider.ContinuousBuildActionExecuter.execute(Lorg/gradle/internal/invocation/BuildAction;Lorg/gradle/initialization/BuildRequestContext;Lorg/gradle/launcher/exec/BuildActionParameters;Lorg/gradle/internal/service/ServiceRegistry;)Lorg/gradle/launcher/exec/BuildActionResult;+58
j  org.gradle.tooling.internal.provider.ContinuousBuildActionExecuter.execute(Lorg/gradle/internal/invocation/BuildAction;Lorg/gradle/initialization/BuildRequestContext;Ljava/lang/Object;Lorg/gradle/internal/service/ServiceRegistry;)Lorg/gradle/launcher/exec/BuildActionResult;+9
j  org.gradle.tooling.internal.provider.SubscribableBuildActionExecuter.execute(Lorg/gradle/internal/invocation/BuildAction;Lorg/gradle/initialization/BuildRequestContext;Lorg/gradle/launcher/exec/BuildActionParameters;Lorg/gradle/internal/service/ServiceRegistry;)Lorg/gradle/launcher/exec/BuildActionResult;+45
j  org.gradle.tooling.internal.provider.SubscribableBuildActionExecuter.execute(Lorg/gradle/internal/invocation/BuildAction;Lorg/gradle/initialization/BuildRequestContext;Ljava/lang/Object;Lorg/gradle/internal/service/ServiceRegistry;)Lorg/gradle/launcher/exec/BuildActionResult;+9
j  org.gradle.tooling.internal.provider.SessionScopeBuildActionExecuter.execute(Lorg/gradle/internal/invocation/BuildAction;Lorg/gradle/initialization/BuildRequestContext;Lorg/gradle/launcher/exec/BuildActionParameters;Lorg/gradle/internal/service/ServiceRegistry;)Lorg/gradle/launcher/exec/BuildActionResult;+117
j  org.gradle.tooling.internal.provider.SessionScopeBuildActionExecuter.execute(Lorg/gradle/internal/invocation/BuildAction;Lorg/gradle/initialization/BuildRequestContext;Ljava/lang/Object;Lorg/gradle/internal/service/ServiceRegistry;)Lorg/gradle/launcher/exec/BuildActionResult;+9
j  org.gradle.tooling.internal.provider.GradleThreadBuildActionExecuter.execute(Lorg/gradle/internal/invocation/BuildAction;Lorg/gradle/initialization/BuildRequestContext;Lorg/gradle/launcher/exec/BuildActionParameters;Lorg/gradle/internal/service/ServiceRegistry;)Lorg/gradle/launcher/exec/BuildActionResult;+12
j  org.gradle.tooling.internal.provider.GradleThreadBuildActionExecuter.execute(Lorg/gradle/internal/invocation/BuildAction;Lorg/gradle/initialization/BuildRequestContext;Ljava/lang/Object;Lorg/gradle/internal/service/ServiceRegistry;)Lorg/gradle/launcher/exec/BuildActionResult;+9
j  org.gradle.tooling.internal.provider.ParallelismConfigurationBuildActionExecuter.execute(Lorg/gradle/internal/invocation/BuildAction;Lorg/gradle/initialization/BuildRequestContext;Lorg/gradle/launcher/exec/BuildActionParameters;Lorg/gradle/internal/service/ServiceRegistry;)Lorg/gradle/launcher/exec/BuildActionResult;+43
j  org.gradle.tooling.internal.provider.ParallelismConfigurationBuildActionExecuter.execute(Lorg/gradle/internal/invocation/BuildAction;Lorg/gradle/initialization/BuildRequestContext;Ljava/lang/Object;Lorg/gradle/internal/service/ServiceRegistry;)Lorg/gradle/launcher/exec/BuildActionResult;+9
j  org.gradle.tooling.internal.provider.StartParamsValidatingActionExecuter.execute(Lorg/gradle/internal/invocation/BuildAction;Lorg/gradle/initialization/BuildRequestContext;Lorg/gradle/launcher/exec/BuildActionParameters;Lorg/gradle/internal/service/ServiceRegistry;)Lorg/gradle/launcher/exec/BuildActionResult;+177
j  org.gradle.tooling.internal.provider.StartParamsValidatingActionExecuter.execute(Lorg/gradle/internal/invocation/BuildAction;Lorg/gradle/initialization/BuildRequestContext;Ljava/lang/Object;Lorg/gradle/internal/service/ServiceRegistry;)Lorg/gradle/launcher/exec/BuildActionResult;+9
j  org.gradle.tooling.internal.provider.SessionFailureReportingActionExecuter.execute(Lorg/gradle/internal/invocation/BuildAction;Lorg/gradle/initialization/BuildRequestContext;Lorg/gradle/launcher/exec/BuildActionParameters;Lorg/gradle/internal/service/ServiceRegistry;)Lorg/gradle/launcher/exec/BuildActionResult;+9
j  org.gradle.tooling.internal.provider.SessionFailureReportingActionExecuter.execute(Lorg/gradle/internal/invocation/BuildAction;Lorg/gradle/initialization/BuildRequestContext;Ljava/lang/Object;Lorg/gradle/internal/service/ServiceRegistry;)Lorg/gradle/launcher/exec/BuildActionResult;+9
j  org.gradle.tooling.internal.provider.SetupLoggingActionExecuter.execute(Lorg/gradle/internal/invocation/BuildAction;Lorg/gradle/initialization/BuildRequestContext;Lorg/gradle/launcher/exec/BuildActionParameters;Lorg/gradle/internal/service/ServiceRegistry;)Lorg/gradle/launcher/exec/BuildActionResult;+52
j  org.gradle.tooling.internal.provider.SetupLoggingActionExecuter.execute(Lorg/gradle/internal/invocation/BuildAction;Lorg/gradle/initialization/BuildRequestContext;Ljava/lang/Object;Lorg/gradle/internal/service/ServiceRegistry;)Lorg/gradle/launcher/exec/BuildActionResult;+9
j  org.gradle.launcher.daemon.server.exec.ExecuteBuild.doBuild(Lorg/gradle/launcher/daemon/server/api/DaemonCommandExecution;Lorg/gradle/launcher/daemon/protocol/Build;)V+118
j  org.gradle.launcher.daemon.server.exec.BuildCommandOnly.execute(Lorg/gradle/launcher/daemon/server/api/DaemonCommandExecution;)V+49
j  org.gradle.launcher.daemon.server.api.DaemonCommandExecution.proceed()Z+23
j  org.gradle.launcher.daemon.server.exec.WatchForDisconnection.execute(Lorg/gradle/launcher/daemon/server/api/DaemonCommandExecution;)V+19
j  org.gradle.launcher.daemon.server.api.DaemonCommandExecution.proceed()Z+23
j  org.gradle.launcher.daemon.server.exec.ResetDeprecationLogger.execute(Lorg/gradle/launcher/daemon/server/api/DaemonCommandExecution;)V+4
j  org.gradle.launcher.daemon.server.api.DaemonCommandExecution.proceed()Z+23
j  org.gradle.launcher.daemon.server.exec.RequestStopIfSingleUsedDaemon.execute(Lorg/gradle/launcher/daemon/server/api/DaemonCommandExecution;)V+33
j  org.gradle.launcher.daemon.server.api.DaemonCommandExecution.proceed()Z+23
j  org.gradle.launcher.daemon.server.exec.ForwardClientInput$2.create()Ljava/lang/Void;+4
j  org.gradle.launcher.daemon.server.exec.ForwardClientInput$2.create()Ljava/lang/Object;+1
j  org.gradle.util.Swapper.swap(Ljava/lang/Object;Lorg/gradle/internal/Factory;)Ljava/lang/Object;+21
j  org.gradle.launcher.daemon.server.exec.ForwardClientInput.execute(Lorg/gradle/launcher/daemon/server/api/DaemonCommandExecution;)V+63
j  org.gradle.launcher.daemon.server.api.DaemonCommandExecution.proceed()Z+23
j  org.gradle.launcher.daemon.server.exec.LogAndCheckHealth.execute(Lorg/gradle/launcher/daemon/server/api/DaemonCommandExecution;)V+28
j  org.gradle.launcher.daemon.server.api.DaemonCommandExecution.proceed()Z+23
j  org.gradle.launcher.daemon.server.exec.LogToClient.doBuild(Lorg/gradle/launcher/daemon/server/api/DaemonCommandExecution;Lorg/gradle/launcher/daemon/protocol/Build;)V+87
j  org.gradle.launcher.daemon.server.exec.BuildCommandOnly.execute(Lorg/gradle/launcher/daemon/server/api/DaemonCommandExecution;)V+49
j  org.gradle.launcher.daemon.server.api.DaemonCommandExecution.proceed()Z+23
j  org.gradle.launcher.daemon.server.exec.EstablishBuildEnvironment.doBuild(Lorg/gradle/launcher/daemon/server/api/DaemonCommandExecution;Lorg/gradle/launcher/daemon/protocol/Build;)V+351
j  org.gradle.launcher.daemon.server.exec.BuildCommandOnly.execute(Lorg/gradle/launcher/daemon/server/api/DaemonCommandExecution;)V+49
j  org.gradle.launcher.daemon.server.api.DaemonCommandExecution.proceed()Z+23
j  org.gradle.launcher.daemon.server.exec.StartBuildOrRespondWithBusy$1.run()V+44
j  org.gradle.launcher.daemon.server.DaemonStateCoordinator$1.run()V+4
j  org.gradle.internal.concurrent.ExecutorPolicy$CatchAndRecordFailures.onExecute(Ljava/lang/Runnable;)V+1
j  org.gradle.internal.concurrent.ManagedExecutorImpl$1.run()V+25
j  java.util.concurrent.ThreadPoolExecutor.runWorker(Ljava/util/concurrent/ThreadPoolExecutor$Worker;)V+95
j  java.util.concurrent.ThreadPoolExecutor$Worker.run()V+5
j  org.gradle.internal.concurrent.ThreadFactoryImpl$ManagedThreadRunnable.run()V+7
j  java.lang.Thread.run()V+11
v  ~StubRoutines::call_stub

---------------  P R O C E S S  ---------------

Java Threads: ( => current thread )
  0x00000000200c9000 JavaThread "Memory manager" [_thread_blocked, id=15128, stack(0x0000000025ae0000,0x0000000025be0000)]
  0x00000000200bf800 JavaThread "Cache worker for Build Output Cleanup Cache (C:\Users\fwg80\StudioProjects\seminAndroid-master\.gradle\buildOutputCleanup)" [_thread_blocked, id=12164, stack(0x00000000251b0000,0x00000000252b0000)]
  0x000000001a259000 JavaThread "Build operations Thread 12" [_thread_blocked, id=1864, stack(0x00000000250b0000,0x00000000251b0000)]
  0x000000001a25b800 JavaThread "Build operations Thread 11" [_thread_blocked, id=11184, stack(0x0000000024fb0000,0x00000000250b0000)]
  0x000000001a25a000 JavaThread "Build operations Thread 10" [_thread_blocked, id=11464, stack(0x0000000024eb0000,0x0000000024fb0000)]
  0x000000001a25d800 JavaThread "Build operations Thread 9" [_thread_blocked, id=14512, stack(0x0000000024db0000,0x0000000024eb0000)]
  0x000000001a25c000 JavaThread "Build operations Thread 8" [_thread_blocked, id=12040, stack(0x0000000023c50000,0x0000000023d50000)]
  0x000000001a25a800 JavaThread "Build operations Thread 7" [_thread_blocked, id=8860, stack(0x0000000023b50000,0x0000000023c50000)]
  0x000000001a251800 JavaThread "Build operations Thread 6" [_thread_blocked, id=8512, stack(0x0000000022a60000,0x0000000022b60000)]
  0x000000001a258800 JavaThread "Build operations Thread 5" [_thread_blocked, id=16056, stack(0x0000000022960000,0x0000000022a60000)]
  0x000000001a251000 JavaThread "Build operations Thread 4" [_thread_blocked, id=4864, stack(0x0000000022860000,0x0000000022960000)]
  0x000000001a257800 JavaThread "Build operations Thread 3" [_thread_blocked, id=15692, stack(0x0000000022760000,0x0000000022860000)]
  0x000000001a250000 JavaThread "Build operations Thread 2" [_thread_blocked, id=18920, stack(0x0000000022660000,0x0000000022760000)]
  0x000000001a257000 JavaThread "Build operations" [_thread_blocked, id=13368, stack(0x0000000021f20000,0x0000000022020000)]
  0x000000001a254000 JavaThread "Cache worker for execution history cache (C:\Users\fwg80\.gradle\caches\5.6.4\executionHistory)" [_thread_blocked, id=7444, stack(0x00000000219d0000,0x0000000021ad0000)]
  0x000000001a253000 JavaThread "Cache worker for cache directory md-rule (C:\Users\fwg80\.gradle\caches\5.6.4\md-rule)" [_thread_blocked, id=19856, stack(0x00000000218d0000,0x00000000219d0000)]
  0x000000001a256000 JavaThread "Cache worker for cache directory md-supplier (C:\Users\fwg80\.gradle\caches\5.6.4\md-supplier)" [_thread_blocked, id=18212, stack(0x00000000215b0000,0x00000000216b0000)]
  0x00000000185bd000 JavaThread "Cache worker for file hash cache (C:\Users\fwg80\StudioProjects\seminAndroid-master\.gradle\5.6.4\fileHashes)" [_thread_blocked, id=17644, stack(0x000000001ee90000,0x000000001ef90000)]
  0x00000000185ba800 JavaThread "File lock release action executor" [_thread_blocked, id=17932, stack(0x000000001ddc0000,0x000000001dec0000)]
  0x00000000185be800 JavaThread "Cache worker for journal cache (C:\Users\fwg80\.gradle\caches\journal-1)" [_thread_blocked, id=8444, stack(0x000000001dcc0000,0x000000001ddc0000)]
  0x00000000185c0800 JavaThread "File lock request listener" [_thread_in_native, id=8028, stack(0x000000001dbc0000,0x000000001dcc0000)]
  0x00000000185bf000 JavaThread "Cache worker for file hash cache (C:\Users\fwg80\.gradle\caches\5.6.4\fileHashes)" [_thread_blocked, id=6508, stack(0x000000001dac0000,0x000000001dbc0000)]
  0x000000001bdd3000 JavaThread "Thread-9" [_thread_blocked, id=5208, stack(0x000000001d7c0000,0x000000001d8c0000)]
  0x000000001bde3000 JavaThread "Stdin handler" [_thread_blocked, id=16920, stack(0x000000001d6c0000,0x000000001d7c0000)]
  0x000000001bdd0000 JavaThread "Asynchronous log dispatcher for DefaultDaemonConnection: socket connection from /127.0.0.1:14329 to /127.0.0.1:14335" [_thread_blocked, id=16996, stack(0x000000001d5c0000,0x000000001d6c0000)]
=>0x000000001bde4000 JavaThread "Daemon worker" [_thread_in_vm, id=18344, stack(0x000000001d4c0000,0x000000001d5c0000)]
  0x000000001bd91000 JavaThread "Cancel handler" [_thread_blocked, id=1580, stack(0x000000001d2c0000,0x000000001d3c0000)]
  0x000000001bd6d800 JavaThread "Handler for socket connection from /127.0.0.1:14329 to /127.0.0.1:14335" [_thread_in_native, id=8624, stack(0x000000001cfc0000,0x000000001d0c0000)]
  0x000000001bd61800 JavaThread "Daemon" [_thread_blocked, id=13028, stack(0x000000001cec0000,0x000000001cfc0000)]
  0x000000001bce1800 JavaThread "Daemon periodic checks" [_thread_blocked, id=17672, stack(0x000000001cdc0000,0x000000001cec0000)]
  0x000000001bce1000 JavaThread "Incoming local TCP Connector on port 14329" [_thread_in_native, id=20348, stack(0x000000001cbe0000,0x000000001cce0000)]
  0x000000001bc4e000 JavaThread "Daemon health stats" [_thread_blocked, id=13388, stack(0x000000001c8e0000,0x000000001c9e0000)]
  0x000000001864c800 JavaThread "Service Thread" daemon [_thread_blocked, id=19632, stack(0x0000000019f40000,0x000000001a040000)]
  0x00000000185bd800 JavaThread "C1 CompilerThread3" daemon [_thread_blocked, id=9688, stack(0x0000000019e40000,0x0000000019f40000)]
  0x00000000185bb800 JavaThread "C2 CompilerThread2" daemon [_thread_in_native, id=18996, stack(0x0000000019d40000,0x0000000019e40000)]
  0x00000000185ac000 JavaThread "C2 CompilerThread1" daemon [_thread_in_native, id=15272, stack(0x0000000019c40000,0x0000000019d40000)]
  0x0000000016e68000 JavaThread "C2 CompilerThread0" daemon [_thread_in_native, id=9960, stack(0x0000000019b40000,0x0000000019c40000)]
  0x00000000185a9000 JavaThread "Attach Listener" daemon [_thread_blocked, id=15680, stack(0x0000000019a40000,0x0000000019b40000)]
  0x0000000018556800 JavaThread "Signal Dispatcher" daemon [_thread_blocked, id=15980, stack(0x0000000019940000,0x0000000019a40000)]
  0x0000000002e9b000 JavaThread "Finalizer" daemon [_thread_blocked, id=17284, stack(0x00000000197b0000,0x00000000198b0000)]
  0x0000000018533000 JavaThread "Reference Handler" daemon [_thread_blocked, id=9056, stack(0x00000000196b0000,0x00000000197b0000)]
  0x0000000000b7e800 JavaThread "main" [_thread_blocked, id=14476, stack(0x00000000028e0000,0x00000000029e0000)]

Other Threads:
  0x0000000016e56000 VMThread [stack: 0x00000000195b0000,0x00000000196b0000] [id=20304]
  0x000000001860f800 WatcherThread [stack: 0x000000001a040000,0x000000001a140000] [id=4728]

VM state:not at safepoint (normal execution)

VM Mutex/Monitor currently owned by a thread: None

heap address: 0x00000000a0000000, size: 1536 MB, Compressed Oops mode: 32-bit
Narrow klass base: 0x0000000000000000, Narrow klass shift: 3
Compressed class space size: 1073741824 Address: 0x0000000100000000

Heap:
 PSYoungGen      total 275968K, used 227718K [0x00000000e0000000, 0x00000000f4000000, 0x0000000100000000)
  eden space 249344K, 80% used [0x00000000e0000000,0x00000000ec462468,0x00000000ef380000)
  from space 26624K, 99% used [0x00000000f1680000,0x00000000f307f650,0x00000000f3080000)
  to   space 35840K, 0% used [0x00000000ef380000,0x00000000ef380000,0x00000000f1680000)
 ParOldGen       total 216576K, used 69416K [0x00000000a0000000, 0x00000000ad380000, 0x00000000e0000000)
  object space 216576K, 32% used [0x00000000a0000000,0x00000000a43ca180,0x00000000ad380000)
 Metaspace       used 73935K, capacity 79718K, committed 80088K, reserved 1118208K
  class space    used 10110K, capacity 11358K, committed 11480K, reserved 1048576K

Card table byte_map: [0x0000000012260000,0x0000000012570000] byte_map_base: 0x0000000011d60000

Marking Bits: (ParMarkBitMap*) 0x0000000051029f30
 Begin Bits: [0x0000000013170000, 0x0000000014970000)
 End Bits:   [0x0000000014970000, 0x0000000016170000)

Polling page: 0x00000000007f0000

CodeCache: size=245760Kb used=35004Kb max_used=35028Kb free=210755Kb
 bounds [0x0000000002ea0000, 0x0000000005100000, 0x0000000011ea0000]
 total_blobs=11775 nmethods=10942 adapters=745
 compilation: enabled

Compilation events (10 events):
Event: 28.927 Thread 0x00000000185bd800 12328       3       com.sun.org.apache.xerces.internal.util.XMLAttributesImpl$Attribute::<init> (27 bytes)
Event: 28.928 Thread 0x00000000185bd800 nmethod 12328 0x00000000050ddc10 code [0x00000000050dddc0, 0x00000000050de470]
Event: 28.928 Thread 0x00000000185bd800 12329       3       org.gradle.api.tasks.util.PatternSet::getExcludes (19 bytes)
Event: 28.928 Thread 0x00000000185bd800 nmethod 12329 0x00000000050de7d0 code [0x00000000050de9a0, 0x00000000050def28]
Event: 28.936 Thread 0x00000000185ac000 nmethod 12295 0x00000000050e2b50 code [0x00000000050e2d20, 0x00000000050e3930]
Event: 28.936 Thread 0x00000000185ac000 12330       4       org.gradle.api.internal.artifacts.ivyservice.resolveengine.result.ResolvedVariantResultSerializer::read (99 bytes)
Event: 28.950 Thread 0x00000000185bd800 12331       1       com.android.build.gradle.internal.variant.BaseVariantData::getExtraGeneratedResFolders (5 bytes)
Event: 28.950 Thread 0x00000000185bd800 nmethod 12331 0x00000000050d6910 code [0x00000000050d6a60, 0x00000000050d6b70]
Event: 28.954 Thread 0x00000000185bd800 12332       3       org.gradle.api.internal.artifacts.ivyservice.resolveengine.result.DependencyResultSerializer::write (116 bytes)
Event: 28.955 Thread 0x00000000185bd800 nmethod 12332 0x00000000050e16d0 code [0x00000000050e1940, 0x00000000050e26d8]

GC Heap History (10 events):
Event: 17.821 GC heap before
{Heap before GC invocations=11 (full 2):
 PSYoungGen      total 183296K, used 183201K [0x00000000e0000000, 0x00000000ef080000, 0x0000000100000000)
  eden space 172032K, 100% used [0x00000000e0000000,0x00000000ea800000,0x00000000ea800000)
  from space 11264K, 99% used [0x00000000ee580000,0x00000000ef068728,0x00000000ef080000)
  to   space 12800K, 0% used [0x00000000ed780000,0x00000000ed780000,0x00000000ee400000)
 ParOldGen       total 135168K, used 17305K [0x00000000a0000000, 0x00000000a8400000, 0x00000000e0000000)
  object space 135168K, 12% used [0x00000000a0000000,0x00000000a10e66e0,0x00000000a8400000)
 Metaspace       used 55855K, capacity 58484K, committed 58752K, reserved 1099776K
  class space    used 7580K, capacity 8248K, committed 8320K, reserved 1048576K
Event: 17.850 GC heap after
Heap after GC invocations=11 (full 2):
 PSYoungGen      total 230400K, used 12788K [0x00000000e0000000, 0x00000000efc80000, 0x0000000100000000)
  eden space 217600K, 0% used [0x00000000e0000000,0x00000000e0000000,0x00000000ed480000)
  from space 12800K, 99% used [0x00000000ed780000,0x00000000ee3fd300,0x00000000ee400000)
  to   space 20480K, 0% used [0x00000000ee880000,0x00000000ee880000,0x00000000efc80000)
 ParOldGen       total 135168K, used 34200K [0x00000000a0000000, 0x00000000a8400000, 0x00000000e0000000)
  object space 135168K, 25% used [0x00000000a0000000,0x00000000a21663b8,0x00000000a8400000)
 Metaspace       used 55855K, capacity 58484K, committed 58752K, reserved 1099776K
  class space    used 7580K, capacity 8248K, committed 8320K, reserved 1048576K
}
Event: 18.104 GC heap before
{Heap before GC invocations=12 (full 2):
 PSYoungGen      total 230400K, used 32610K [0x00000000e0000000, 0x00000000efc80000, 0x0000000100000000)
  eden space 217600K, 9% used [0x00000000e0000000,0x00000000e135b6d0,0x00000000ed480000)
  from space 12800K, 99% used [0x00000000ed780000,0x00000000ee3fd300,0x00000000ee400000)
  to   space 20480K, 0% used [0x00000000ee880000,0x00000000ee880000,0x00000000efc80000)
 ParOldGen       total 135168K, used 34200K [0x00000000a0000000, 0x00000000a8400000, 0x00000000e0000000)
  object space 135168K, 25% used [0x00000000a0000000,0x00000000a21663b8,0x00000000a8400000)
 Metaspace       used 56151K, capacity 59032K, committed 59096K, reserved 1099776K
  class space    used 7610K, capacity 8346K, committed 8408K, reserved 1048576K
Event: 18.115 GC heap after
Heap after GC invocations=12 (full 2):
 PSYoungGen      total 237056K, used 16484K [0x00000000e0000000, 0x00000000f4500000, 0x0000000100000000)
  eden space 216576K, 0% used [0x00000000e0000000,0x00000000e0000000,0x00000000ed380000)
  from space 20480K, 80% used [0x00000000ee880000,0x00000000ef899310,0x00000000efc80000)
  to   space 21504K, 0% used [0x00000000ed380000,0x00000000ed380000,0x00000000ee880000)
 ParOldGen       total 135168K, used 34208K [0x00000000a0000000, 0x00000000a8400000, 0x00000000e0000000)
  object space 135168K, 25% used [0x00000000a0000000,0x00000000a21683b8,0x00000000a8400000)
 Metaspace       used 56151K, capacity 59032K, committed 59096K, reserved 1099776K
  class space    used 7610K, capacity 8346K, committed 8408K, reserved 1048576K
}
Event: 18.115 GC heap before
{Heap before GC invocations=13 (full 3):
 PSYoungGen      total 237056K, used 16484K [0x00000000e0000000, 0x00000000f4500000, 0x0000000100000000)
  eden space 216576K, 0% used [0x00000000e0000000,0x00000000e0000000,0x00000000ed380000)
  from space 20480K, 80% used [0x00000000ee880000,0x00000000ef899310,0x00000000efc80000)
  to   space 21504K, 0% used [0x00000000ed380000,0x00000000ed380000,0x00000000ee880000)
 ParOldGen       total 135168K, used 34208K [0x00000000a0000000, 0x00000000a8400000, 0x00000000e0000000)
  object space 135168K, 25% used [0x00000000a0000000,0x00000000a21683b8,0x00000000a8400000)
 Metaspace       used 56151K, capacity 59032K, committed 59096K, reserved 1099776K
  class space    used 7610K, capacity 8346K, committed 8408K, reserved 1048576K
Event: 18.391 GC heap after
Heap after GC invocations=13 (full 3):
 PSYoungGen      total 237056K, used 0K [0x00000000e0000000, 0x00000000f4500000, 0x0000000100000000)
  eden space 216576K, 0% used [0x00000000e0000000,0x00000000e0000000,0x00000000ed380000)
  from space 20480K, 0% used [0x00000000ee880000,0x00000000ee880000,0x00000000efc80000)
  to   space 21504K, 0% used [0x00000000ed380000,0x00000000ed380000,0x00000000ee880000)
 ParOldGen       total 216576K, used 47755K [0x00000000a0000000, 0x00000000ad380000, 0x00000000e0000000)
  object space 216576K, 22% used [0x00000000a0000000,0x00000000a2ea2fe8,0x00000000ad380000)
 Metaspace       used 56125K, capacity 58948K, committed 59096K, reserved 1099776K
  class space    used 7603K, capacity 8332K, committed 8408K, reserved 1048576K
}
Event: 21.900 GC heap before
{Heap before GC invocations=14 (full 3):
 PSYoungGen      total 237056K, used 216576K [0x00000000e0000000, 0x00000000f4500000, 0x0000000100000000)
  eden space 216576K, 100% used [0x00000000e0000000,0x00000000ed380000,0x00000000ed380000)
  from space 20480K, 0% used [0x00000000ee880000,0x00000000ee880000,0x00000000efc80000)
  to   space 21504K, 0% used [0x00000000ed380000,0x00000000ed380000,0x00000000ee880000)
 ParOldGen       total 216576K, used 47755K [0x00000000a0000000, 0x00000000ad380000, 0x00000000e0000000)
  object space 216576K, 22% used [0x00000000a0000000,0x00000000a2ea2fe8,0x00000000ad380000)
 Metaspace       used 62711K, capacity 66884K, committed 67160K, reserved 1105920K
  class space    used 8623K, capacity 9704K, committed 9816K, reserved 1048576K
Event: 21.913 GC heap after
Heap after GC invocations=14 (full 3):
 PSYoungGen      total 238080K, used 21472K [0x00000000e0000000, 0x00000000f3080000, 0x0000000100000000)
  eden space 216576K, 0% used [0x00000000e0000000,0x00000000e0000000,0x00000000ed380000)
  from space 21504K, 99% used [0x00000000ed380000,0x00000000ee878030,0x00000000ee880000)
  to   space 26624K, 0% used [0x00000000f1680000,0x00000000f1680000,0x00000000f3080000)
 ParOldGen       total 216576K, used 53742K [0x00000000a0000000, 0x00000000ad380000, 0x00000000e0000000)
  object space 216576K, 24% used [0x00000000a0000000,0x00000000a347b800,0x00000000ad380000)
 Metaspace       used 62711K, capacity 66884K, committed 67160K, reserved 1105920K
  class space    used 8623K, capacity 9704K, committed 9816K, reserved 1048576K
}
Event: 23.996 GC heap before
{Heap before GC invocations=15 (full 3):
 PSYoungGen      total 238080K, used 238048K [0x00000000e0000000, 0x00000000f3080000, 0x0000000100000000)
  eden space 216576K, 100% used [0x00000000e0000000,0x00000000ed380000,0x00000000ed380000)
  from space 21504K, 99% used [0x00000000ed380000,0x00000000ee878030,0x00000000ee880000)
  to   space 26624K, 0% used [0x00000000f1680000,0x00000000f1680000,0x00000000f3080000)
 ParOldGen       total 216576K, used 53742K [0x00000000a0000000, 0x00000000ad380000, 0x00000000e0000000)
  object space 216576K, 24% used [0x00000000a0000000,0x00000000a347b800,0x00000000ad380000)
 Metaspace       used 72269K, capacity 77942K, committed 78040K, reserved 1116160K
  class space    used 9937K, capacity 11170K, committed 11224K, reserved 1048576K
Event: 24.016 GC heap after
Heap after GC invocations=15 (full 3):
 PSYoungGen      total 275968K, used 26621K [0x00000000e0000000, 0x00000000f4000000, 0x0000000100000000)
  eden space 249344K, 0% used [0x00000000e0000000,0x00000000e0000000,0x00000000ef380000)
  from space 26624K, 99% used [0x00000000f1680000,0x00000000f307f650,0x00000000f3080000)
  to   space 35840K, 0% used [0x00000000ef380000,0x00000000ef380000,0x00000000f1680000)
 ParOldGen       total 216576K, used 69416K [0x00000000a0000000, 0x00000000ad380000, 0x00000000e0000000)
  object space 216576K, 32% used [0x00000000a0000000,0x00000000a43ca180,0x00000000ad380000)
 Metaspace       used 72269K, capacity 77942K, committed 78040K, reserved 1116160K
  class space    used 9937K, capacity 11170K, committed 11224K, reserved 1048576K
}

Deoptimization events (10 events):
Event: 28.629 Thread 0x000000001bde4000 Uncommon trap: reason=unstable_if action=reinterpret pc=0x0000000005011fb8 method=org.gradle.internal.snapshot.impl.DefaultFileSystemMirror.getSnapshot(Ljava/lang/String;)Lorg/gradle/internal/snapshot/FileSystemLocationSnapshot; @ 10
Event: 28.629 Thread 0x000000001bde4000 Uncommon trap: reason=unstable_if action=reinterpret pc=0x0000000004f68190 method=org.gradle.internal.snapshot.impl.DefaultFileSystemMirror.getSnapshot(Ljava/lang/String;)Lorg/gradle/internal/snapshot/FileSystemLocationSnapshot; @ 10
Event: 28.634 Thread 0x000000001bde4000 Uncommon trap: reason=bimorphic action=maybe_recompile pc=0x0000000004eb91b8 method=org.gradle.util.DeferredUtil.unpack(Ljava/lang/Object;)Ljava/lang/Object; @ 22
Event: 28.665 Thread 0x000000001bde4000 Uncommon trap: reason=bimorphic action=maybe_recompile pc=0x0000000004eb91b8 method=org.gradle.util.DeferredUtil.unpack(Ljava/lang/Object;)Ljava/lang/Object; @ 22
Event: 28.683 Thread 0x000000001bde4000 Uncommon trap: reason=bimorphic action=maybe_recompile pc=0x0000000004f4d304 method=org.gradle.api.internal.artifacts.transform.TransformationStep.lambda$createInvocation$1(Lorg/gradle/api/internal/artifacts/transform/TransformationSubject;Lorg/gradle/int
Event: 28.688 Thread 0x000000001bde4000 Uncommon trap: reason=unstable_if action=reinterpret pc=0x0000000004ea8aa0 method=com.android.build.gradle.internal.dependency.AndroidXDependencySubstitution.maybeSubstituteDependency(Lorg/gradle/api/artifacts/DependencySubstitution;Lorg/gradle/api/artifa
Event: 28.690 Thread 0x000000001bde4000 Uncommon trap: reason=unstable_if action=reinterpret pc=0x000000000384af40 method=org.gradle.api.internal.artifacts.ivyservice.resolveengine.graph.builder.DependencyState.isForced()Z @ 4
Event: 28.697 Thread 0x000000001a25b800 Uncommon trap: reason=unstable_if action=reinterpret pc=0x0000000003adba00 method=java.util.concurrent.locks.ReentrantLock$Sync.nonfairTryAcquire(I)Z @ 19
Event: 28.791 Thread 0x000000001bde4000 Uncommon trap: reason=bimorphic action=maybe_recompile pc=0x0000000004f4d304 method=org.gradle.api.internal.artifacts.transform.TransformationStep.lambda$createInvocation$1(Lorg/gradle/api/internal/artifacts/transform/TransformationSubject;Lorg/gradle/int
Event: 28.940 Thread 0x000000001bde4000 Uncommon trap: reason=unstable_if action=reinterpret pc=0x000000000500e294 method=com.esotericsoftware.kryo.io.Output.writeBoolean(Z)V @ 8

Classes redefined (0 events):
No events

Internal exceptions (10 events):
Event: 23.958 Thread 0x000000001bde4000 Exception <a 'java/lang/ClassNotFoundException': com/android/build/gradle/tasks/factory/AndroidUnitTestBeanInfo> (0x00000000ecd9dac0) thrown at [D:\src\AOSP-openjdk-cygwin\jdk8u\hotspot\src\share\vm\classfile\systemDictionary.cpp, line 210]
Event: 23.959 Thread 0x000000001bde4000 Exception <a 'java/lang/ClassNotFoundException': org/gradle/api/tasks/testing/TestBeanInfo> (0x00000000ecdc05e8) thrown at [D:\src\AOSP-openjdk-cygwin\jdk8u\hotspot\src\share\vm\classfile\systemDictionary.cpp, line 210]
Event: 23.959 Thread 0x000000001bde4000 Exception <a 'java/lang/ClassNotFoundException': org/gradle/api/tasks/testing/AbstractTestTaskBeanInfo> (0x00000000ecdeae28) thrown at [D:\src\AOSP-openjdk-cygwin\jdk8u\hotspot\src\share\vm\classfile\systemDictionary.cpp, line 210]
Event: 23.960 Thread 0x000000001bde4000 Exception <a 'java/lang/ClassNotFoundException': org/gradle/api/tasks/testing/AbstractTestTaskCustomizer> (0x00000000ece15bb0) thrown at [D:\src\AOSP-openjdk-cygwin\jdk8u\hotspot\src\share\vm\classfile\systemDictionary.cpp, line 210]
Event: 23.961 Thread 0x000000001bde4000 Exception <a 'java/lang/ClassNotFoundException': org/gradle/api/tasks/testing/TestCustomizer> (0x00000000ece66740) thrown at [D:\src\AOSP-openjdk-cygwin\jdk8u\hotspot\src\share\vm\classfile\systemDictionary.cpp, line 210]
Event: 23.963 Thread 0x000000001bde4000 Exception <a 'java/lang/ClassNotFoundException': com/android/build/gradle/tasks/factory/AndroidUnitTestCustomizer> (0x00000000ecfbb470) thrown at [D:\src\AOSP-openjdk-cygwin\jdk8u\hotspot\src\share\vm\classfile\systemDictionary.cpp, line 210]
Event: 23.964 Thread 0x000000001bde4000 Exception <a 'java/lang/ClassNotFoundException': com/android/build/gradle/tasks/factory/AndroidUnitTest_DecoratedCustomizer> (0x00000000ecffdce0) thrown at [D:\src\AOSP-openjdk-cygwin\jdk8u\hotspot\src\share\vm\classfile\systemDictionary.cpp, line 210]
Event: 28.183 Thread 0x000000001bde4000 Exception <a 'java/lang/NoSuchMethodError': java.lang.Object.lambda$minBy$0(Ljava/util/Comparator;Ljava/lang/Object;Ljava/lang/Object;)Ljava/lang/Object;> (0x00000000e5bb8b70) thrown at [D:\src\AOSP-openjdk-cygwin\jdk8u\hotspot\src\share\vm\interpreter\li
Event: 28.282 Thread 0x000000001bde4000 Implicit null exception at 0x0000000003bb32b4 to 0x0000000003bb6441
Event: 28.603 Thread 0x000000001bde4000 Exception <a 'java/lang/NoSuchMethodError': java.lang.Object.lambda$negate$1(Ljava/lang/Object;)Z> (0x00000000e92c7e30) thrown at [D:\src\AOSP-openjdk-cygwin\jdk8u\hotspot\src\share\vm\interpreter\linkResolver.cpp, line 620]

Events (10 events):
Event: 28.713 Thread 0x000000001bde4000 DEOPT PACKING pc=0x0000000004f5cd53 sp=0x000000001d5b9a10
Event: 28.713 Thread 0x000000001bde4000 DEOPT UNPACKING pc=0x0000000002ee75d0 sp=0x000000001d5b9798 mode 0
Event: 28.738 Executing VM operation: ForceSafepoint
Event: 28.738 Executing VM operation: ForceSafepoint done
Event: 28.791 Thread 0x000000001bde4000 Uncommon trap: trap_request=0xffffffc6 fr.pc=0x0000000004f4d304
Event: 28.791 Thread 0x000000001bde4000 DEOPT PACKING pc=0x0000000004f4d304 sp=0x000000001d5b9c20
Event: 28.791 Thread 0x000000001bde4000 DEOPT UNPACKING pc=0x0000000002ee557b sp=0x000000001d5b9b50 mode 2
Event: 28.940 Thread 0x000000001bde4000 Uncommon trap: trap_request=0xffffff65 fr.pc=0x000000000500e294
Event: 28.940 Thread 0x000000001bde4000 DEOPT PACKING pc=0x000000000500e294 sp=0x000000001d5b9800
Event: 28.940 Thread 0x000000001bde4000 DEOPT UNPACKING pc=0x0000000002ee557b sp=0x000000001d5b96f8 mode 2


Dynamic libraries:
0x00007ff6de6c0000 - 0x00007ff6de6f1000 	C:\Program Files\Android\Android Studio\jre\bin\java.exe
0x00007ff88b540000 - 0x00007ff88b730000 	C:\WINDOWS\SYSTEM32\ntdll.dll
0x00007ff889a30000 - 0x00007ff889ae2000 	C:\WINDOWS\System32\KERNEL32.DLL
0x00007ff8884d0000 - 0x00007ff888773000 	C:\WINDOWS\System32\KERNELBASE.dll
0x00007ff88a370000 - 0x00007ff88a413000 	C:\WINDOWS\System32\ADVAPI32.dll
0x00007ff88a070000 - 0x00007ff88a10e000 	C:\WINDOWS\System32\msvcrt.dll
0x00007ff88a230000 - 0x00007ff88a2c7000 	C:\WINDOWS\System32\sechost.dll
0x00007ff88a110000 - 0x00007ff88a230000 	C:\WINDOWS\System32\RPCRT4.dll
0x00007ff88ae30000 - 0x00007ff88afc4000 	C:\WINDOWS\System32\USER32.dll
0x00007ff888980000 - 0x00007ff8889a1000 	C:\WINDOWS\System32\win32u.dll
0x00007ff88b4d0000 - 0x00007ff88b4f6000 	C:\WINDOWS\System32\GDI32.dll
0x00007ff888c50000 - 0x00007ff888de4000 	C:\WINDOWS\System32\gdi32full.dll
0x00007ff8887e0000 - 0x00007ff88887e000 	C:\WINDOWS\System32\msvcp_win.dll
0x00007ff8889d0000 - 0x00007ff888aca000 	C:\WINDOWS\System32\ucrtbase.dll
0x00007ff86ecd0000 - 0x00007ff86ef55000 	C:\WINDOWS\WinSxS\amd64_microsoft.windows.common-controls_6595b64144ccf1df_6.0.18362.778_none_e6c6b761130d4fb8\COMCTL32.dll
0x00007ff88b0b0000 - 0x00007ff88b3e6000 	C:\WINDOWS\System32\combase.dll
0x00007ff888df0000 - 0x00007ff888e70000 	C:\WINDOWS\System32\bcryptPrimitives.dll
0x00007ff88a5d0000 - 0x00007ff88a5fe000 	C:\WINDOWS\System32\IMM32.DLL
0x00000000506a0000 - 0x0000000050772000 	C:\Program Files\Android\Android Studio\jre\jre\bin\msvcr100.dll
0x0000000050860000 - 0x00000000510a6000 	C:\Program Files\Android\Android Studio\jre\jre\bin\server\jvm.dll
0x00007ff88b3f0000 - 0x00007ff88b3f8000 	C:\WINDOWS\System32\PSAPI.DLL
0x00007ff884bb0000 - 0x00007ff884bb9000 	C:\WINDOWS\SYSTEM32\WSOCK32.dll
0x00007ff8863e0000 - 0x00007ff886404000 	C:\WINDOWS\SYSTEM32\WINMM.dll
0x00007ff886640000 - 0x00007ff88664a000 	C:\WINDOWS\SYSTEM32\VERSION.dll
0x00007ff88adc0000 - 0x00007ff88ae2f000 	C:\WINDOWS\System32\WS2_32.dll
0x00007ff886360000 - 0x00007ff88638d000 	C:\WINDOWS\SYSTEM32\winmmbase.dll
0x00007ff888880000 - 0x00007ff8888ca000 	C:\WINDOWS\System32\cfgmgr32.dll
0x00007ff884a20000 - 0x00007ff884a2f000 	C:\Program Files\Android\Android Studio\jre\jre\bin\verify.dll
0x00007ff87bf60000 - 0x00007ff87bf89000 	C:\Program Files\Android\Android Studio\jre\jre\bin\java.dll
0x00007ff883af0000 - 0x00007ff883b06000 	C:\Program Files\Android\Android Studio\jre\jre\bin\zip.dll
0x00007ff88a6d0000 - 0x00007ff88adb5000 	C:\WINDOWS\System32\SHELL32.dll
0x00007ff88a610000 - 0x00007ff88a6b9000 	C:\WINDOWS\System32\shcore.dll
0x00007ff888e70000 - 0x00007ff8895f0000 	C:\WINDOWS\System32\windows.storage.dll
0x00007ff8884a0000 - 0x00007ff8884c3000 	C:\WINDOWS\System32\profapi.dll
0x00007ff888450000 - 0x00007ff88849a000 	C:\WINDOWS\System32\powrprof.dll
0x00007ff888400000 - 0x00007ff888410000 	C:\WINDOWS\System32\UMPDC.dll
0x00007ff88a010000 - 0x00007ff88a062000 	C:\WINDOWS\System32\shlwapi.dll
0x00007ff888430000 - 0x00007ff888441000 	C:\WINDOWS\System32\kernel.appcore.dll
0x00007ff8889b0000 - 0x00007ff8889c7000 	C:\WINDOWS\System32\cryptsp.dll
0x00007ff87c090000 - 0x00007ff87c0aa000 	C:\Program Files\Android\Android Studio\jre\jre\bin\net.dll
0x00007ff877740000 - 0x00007ff877915000 	C:\WINDOWS\SYSTEM32\urlmon.dll
0x00007ff87a250000 - 0x00007ff87a4f6000 	C:\WINDOWS\SYSTEM32\iertutil.dll
0x00007ff887de0000 - 0x00007ff887dec000 	C:\WINDOWS\SYSTEM32\CRYPTBASE.DLL
0x00007ff887c10000 - 0x00007ff887c77000 	C:\WINDOWS\system32\mswsock.dll
0x00007ff87bfd0000 - 0x00007ff87bfe3000 	C:\Program Files\Android\Android Studio\jre\jre\bin\nio.dll
0x00007ff87bf30000 - 0x00007ff87bf56000 	C:\Users\fwg80\.gradle\native\30\windows-amd64\native-platform.dll
0x00007ff8838d0000 - 0x00007ff8838dd000 	C:\Program Files\Android\Android Studio\jre\jre\bin\management.dll
0x00007ff887780000 - 0x00007ff8877b3000 	C:\WINDOWS\system32\rsaenh.dll
0x00007ff888ad0000 - 0x00007ff888af6000 	C:\WINDOWS\System32\bcrypt.dll
0x00007ff888320000 - 0x00007ff888345000 	C:\WINDOWS\SYSTEM32\USERENV.dll
0x00007ff887920000 - 0x00007ff88795a000 	C:\WINDOWS\SYSTEM32\IPHLPAPI.DLL
0x00007ff88a6c0000 - 0x00007ff88a6c8000 	C:\WINDOWS\System32\NSI.dll
0x00007ff87f210000 - 0x00007ff87f226000 	C:\WINDOWS\SYSTEM32\dhcpcsvc6.DLL
0x00007ff87f3a0000 - 0x00007ff87f3bc000 	C:\WINDOWS\SYSTEM32\dhcpcsvc.DLL
0x00007ff887960000 - 0x00007ff887a2a000 	C:\WINDOWS\SYSTEM32\DNSAPI.dll
0x00007ff882f50000 - 0x00007ff883144000 	C:\WINDOWS\SYSTEM32\dbghelp.dll

VM Arguments:
jvm_args: -Xmx1536m -Dfile.encoding=x-windows-949 -Duser.country=KR -Duser.language=ko -Duser.variant 
java_command: org.gradle.launcher.daemon.bootstrap.GradleDaemon 5.6.4
java_class_path (initial): C:\Users\fwg80\.gradle\wrapper\dists\gradle-5.6.4-all\ankdp27end7byghfw1q2sw75f\gradle-5.6.4\lib\gradle-launcher-5.6.4.jar
Launcher Type: SUN_STANDARD

Environment Variables:
JAVA_HOME=C:\JAVAFX\jdk-14\bin
PATH=C:\Python38\Scripts\;C:\Python38\;C:\WINDOWS\system32;C:\WINDOWS;C:\WINDOWS\System32\Wbem;C:\WINDOWS\System32\WindowsPowerShell\v1.0\;C:\WINDOWS\System32\OpenSSH\;C:\Program Files\Git\cmd;D:\java-1.8.0-openjdk\bin;C:\JAVAFX\jdk-14\bin;C:\JAVAFX\javafx-sdk-11.0.2\lib;C:\Users\fwg80\AppData\Local\Android\Sdk\platform-tools;C:\Go\bin;C:\gradle\gradle-6.3\bin;C:\Program Files\nodejs\;C:\ProgramData\chocolatey\bin;C:\Users\fwg80\AppData\Local\Microsoft\WindowsApps;C:\Users\fwg80\AppData\Local\atom\bin;C:\Users\fwg80\go\bin;C:\Users\fwg80\AppData\Local\Microsoft\WindowsApps;C:\Users\fwg80\AppData\Roaming\npm;C:\Users\fwg80\AppData\Local\Programs\Microsoft VS Code\bin
USERNAME=fwg80
OS=Windows_NT
PROCESSOR_IDENTIFIER=Intel64 Family 6 Model 158 Stepping 10, GenuineIntel



---------------  S Y S T E M  ---------------

OS: Windows 10.0 , 64 bit Build 18362 (10.0.18362.778)

CPU:total 12 (initial active 12) (6 cores per cpu, 2 threads per core) family 6 model 158 stepping 10, cmov, cx8, fxsr, mmx, sse, sse2, sse3, ssse3, sse4.1, sse4.2, popcnt, avx, avx2, aes, clmul, erms, 3dnowpref, lzcnt, ht, tsc, tscinvbit, bmi1, bmi2, adx

Memory: 4k page, physical 16647380k(7710008k free), swap 19268820k(7082492k free)

vm_info: OpenJDK 64-Bit Server VM (25.212-b04) for windows-amd64 JRE (1.8.0_212-release-1586-b04), built by "builder" with MS VC++ 10.0 (VS2010)

time: Tue May 05 19:27:49 2020
timezone:  
elapsed time: 28 seconds (0d 0h 0m 28s)

